2017-07-19 15:05:49.990 [main] WARN  ConfigurationWarningsApplicationContextInitializer - 

** WARNING ** : Your ApplicationContext is unlikely to start due to a @ComponentScan of the default package.


2017-07-19 15:06:05.563 [main] WARN  AnnotationConfigEmbeddedWebApplicationContext - Exception encountered during context initialization - cancelling refresh attempt: org.springframework.beans.factory.BeanDefinitionStoreException: Failed to parse configuration class [Application]; nested exception is java.io.FileNotFoundException: class path resource [org/springframework/social/config/annotation/SocialConfigurerAdapter.class] cannot be opened because it does not exist
2017-07-19 15:06:05.567 [main] ERROR DefaultListableBeanFactory - Destroy method on bean with name 'org.springframework.boot.autoconfigure.internalCachingMetadataReaderFactory' threw an exception
java.lang.IllegalStateException: ApplicationEventMulticaster not initialized - call 'refresh' before multicasting events via the context: org.springframework.boot.context.embedded.AnnotationConfigEmbeddedWebApplicationContext@5bda8e08: startup date [Wed Jul 19 15:05:49 CST 2017]; root of context hierarchy
	at org.springframework.context.support.AbstractApplicationContext.getApplicationEventMulticaster(AbstractApplicationContext.java:404) ~[spring-context-4.3.8.RELEASE.jar:4.3.8.RELEASE]
	at org.springframework.context.support.ApplicationListenerDetector.postProcessBeforeDestruction(ApplicationListenerDetector.java:97) ~[spring-context-4.3.8.RELEASE.jar:4.3.8.RELEASE]
	at org.springframework.beans.factory.support.DisposableBeanAdapter.destroy(DisposableBeanAdapter.java:253) ~[spring-beans-4.3.8.RELEASE.jar:4.3.8.RELEASE]
	at org.springframework.beans.factory.support.DefaultSingletonBeanRegistry.destroyBean(DefaultSingletonBeanRegistry.java:578) [spring-beans-4.3.8.RELEASE.jar:4.3.8.RELEASE]
	at org.springframework.beans.factory.support.DefaultSingletonBeanRegistry.destroySingleton(DefaultSingletonBeanRegistry.java:554) [spring-beans-4.3.8.RELEASE.jar:4.3.8.RELEASE]
	at org.springframework.beans.factory.support.DefaultListableBeanFactory.destroySingleton(DefaultListableBeanFactory.java:961) [spring-beans-4.3.8.RELEASE.jar:4.3.8.RELEASE]
	at org.springframework.beans.factory.support.DefaultSingletonBeanRegistry.destroySingletons(DefaultSingletonBeanRegistry.java:523) [spring-beans-4.3.8.RELEASE.jar:4.3.8.RELEASE]
	at org.springframework.beans.factory.support.DefaultListableBeanFactory.destroySingletons(DefaultListableBeanFactory.java:968) [spring-beans-4.3.8.RELEASE.jar:4.3.8.RELEASE]
	at org.springframework.context.support.AbstractApplicationContext.destroyBeans(AbstractApplicationContext.java:1033) [spring-context-4.3.8.RELEASE.jar:4.3.8.RELEASE]
	at org.springframework.context.support.AbstractApplicationContext.refresh(AbstractApplicationContext.java:555) [spring-context-4.3.8.RELEASE.jar:4.3.8.RELEASE]
	at org.springframework.boot.context.embedded.EmbeddedWebApplicationContext.refresh(EmbeddedWebApplicationContext.java:122) [spring-boot-1.5.3.RELEASE.jar:1.5.3.RELEASE]
	at org.springframework.boot.SpringApplication.refresh(SpringApplication.java:737) [spring-boot-1.5.3.RELEASE.jar:1.5.3.RELEASE]
	at org.springframework.boot.SpringApplication.refreshContext(SpringApplication.java:370) [spring-boot-1.5.3.RELEASE.jar:1.5.3.RELEASE]
	at org.springframework.boot.SpringApplication.run(SpringApplication.java:314) [spring-boot-1.5.3.RELEASE.jar:1.5.3.RELEASE]
	at Application.main(Application.java:14) [custom-schema-demo/:?]
	at sun.reflect.NativeMethodAccessorImpl.invoke0(Native Method) ~[?:1.8.0_91]
	at sun.reflect.NativeMethodAccessorImpl.invoke(NativeMethodAccessorImpl.java:62) ~[?:1.8.0_91]
	at sun.reflect.DelegatingMethodAccessorImpl.invoke(DelegatingMethodAccessorImpl.java:43) ~[?:1.8.0_91]
	at java.lang.reflect.Method.invoke(Method.java:498) ~[?:1.8.0_91]
	at com.intellij.rt.execution.application.AppMain.main(AppMain.java:147) [idea_rt.jar:?]
2017-07-19 15:06:05.577 [main] ERROR SpringApplication - Application startup failed
org.springframework.beans.factory.BeanDefinitionStoreException: Failed to parse configuration class [Application]; nested exception is java.io.FileNotFoundException: class path resource [org/springframework/social/config/annotation/SocialConfigurerAdapter.class] cannot be opened because it does not exist
	at org.springframework.context.annotation.ConfigurationClassParser.parse(ConfigurationClassParser.java:181) ~[spring-context-4.3.8.RELEASE.jar:4.3.8.RELEASE]
	at org.springframework.context.annotation.ConfigurationClassPostProcessor.processConfigBeanDefinitions(ConfigurationClassPostProcessor.java:308) ~[spring-context-4.3.8.RELEASE.jar:4.3.8.RELEASE]
	at org.springframework.context.annotation.ConfigurationClassPostProcessor.postProcessBeanDefinitionRegistry(ConfigurationClassPostProcessor.java:228) ~[spring-context-4.3.8.RELEASE.jar:4.3.8.RELEASE]
	at org.springframework.context.support.PostProcessorRegistrationDelegate.invokeBeanDefinitionRegistryPostProcessors(PostProcessorRegistrationDelegate.java:270) ~[spring-context-4.3.8.RELEASE.jar:4.3.8.RELEASE]
	at org.springframework.context.support.PostProcessorRegistrationDelegate.invokeBeanFactoryPostProcessors(PostProcessorRegistrationDelegate.java:93) ~[spring-context-4.3.8.RELEASE.jar:4.3.8.RELEASE]
	at org.springframework.context.support.AbstractApplicationContext.invokeBeanFactoryPostProcessors(AbstractApplicationContext.java:686) ~[spring-context-4.3.8.RELEASE.jar:4.3.8.RELEASE]
	at org.springframework.context.support.AbstractApplicationContext.refresh(AbstractApplicationContext.java:524) ~[spring-context-4.3.8.RELEASE.jar:4.3.8.RELEASE]
	at org.springframework.boot.context.embedded.EmbeddedWebApplicationContext.refresh(EmbeddedWebApplicationContext.java:122) ~[spring-boot-1.5.3.RELEASE.jar:1.5.3.RELEASE]
	at org.springframework.boot.SpringApplication.refresh(SpringApplication.java:737) [spring-boot-1.5.3.RELEASE.jar:1.5.3.RELEASE]
	at org.springframework.boot.SpringApplication.refreshContext(SpringApplication.java:370) [spring-boot-1.5.3.RELEASE.jar:1.5.3.RELEASE]
	at org.springframework.boot.SpringApplication.run(SpringApplication.java:314) [spring-boot-1.5.3.RELEASE.jar:1.5.3.RELEASE]
	at Application.main(Application.java:14) [custom-schema-demo/:?]
	at sun.reflect.NativeMethodAccessorImpl.invoke0(Native Method) ~[?:1.8.0_91]
	at sun.reflect.NativeMethodAccessorImpl.invoke(NativeMethodAccessorImpl.java:62) ~[?:1.8.0_91]
	at sun.reflect.DelegatingMethodAccessorImpl.invoke(DelegatingMethodAccessorImpl.java:43) ~[?:1.8.0_91]
	at java.lang.reflect.Method.invoke(Method.java:498) ~[?:1.8.0_91]
	at com.intellij.rt.execution.application.AppMain.main(AppMain.java:147) [idea_rt.jar:?]
Caused by: java.io.FileNotFoundException: class path resource [org/springframework/social/config/annotation/SocialConfigurerAdapter.class] cannot be opened because it does not exist
	at org.springframework.core.io.ClassPathResource.getInputStream(ClassPathResource.java:172) ~[spring-core-4.3.8.RELEASE.jar:4.3.8.RELEASE]
	at org.springframework.core.type.classreading.SimpleMetadataReader.<init>(SimpleMetadataReader.java:50) ~[spring-core-4.3.8.RELEASE.jar:4.3.8.RELEASE]
	at org.springframework.core.type.classreading.SimpleMetadataReaderFactory.getMetadataReader(SimpleMetadataReaderFactory.java:98) ~[spring-core-4.3.8.RELEASE.jar:4.3.8.RELEASE]
	at org.springframework.boot.type.classreading.ConcurrentReferenceCachingMetadataReaderFactory.createMetadataReader(ConcurrentReferenceCachingMetadataReaderFactory.java:89) ~[spring-boot-1.5.3.RELEASE.jar:1.5.3.RELEASE]
	at org.springframework.boot.type.classreading.ConcurrentReferenceCachingMetadataReaderFactory.getMetadataReader(ConcurrentReferenceCachingMetadataReaderFactory.java:76) ~[spring-boot-1.5.3.RELEASE.jar:1.5.3.RELEASE]
	at org.springframework.core.type.classreading.SimpleMetadataReaderFactory.getMetadataReader(SimpleMetadataReaderFactory.java:93) ~[spring-core-4.3.8.RELEASE.jar:4.3.8.RELEASE]
	at org.springframework.context.annotation.ConfigurationClassParser.asSourceClass(ConfigurationClassParser.java:693) ~[spring-context-4.3.8.RELEASE.jar:4.3.8.RELEASE]
	at org.springframework.context.annotation.ConfigurationClassParser$SourceClass.getSuperClass(ConfigurationClassParser.java:857) ~[spring-context-4.3.8.RELEASE.jar:4.3.8.RELEASE]
	at org.springframework.context.annotation.ConfigurationClassParser.doProcessConfigurationClass(ConfigurationClassParser.java:328) ~[spring-context-4.3.8.RELEASE.jar:4.3.8.RELEASE]
	at org.springframework.context.annotation.ConfigurationClassParser.processConfigurationClass(ConfigurationClassParser.java:245) ~[spring-context-4.3.8.RELEASE.jar:4.3.8.RELEASE]
	at org.springframework.context.annotation.ConfigurationClassParser.parse(ConfigurationClassParser.java:190) ~[spring-context-4.3.8.RELEASE.jar:4.3.8.RELEASE]
	at org.springframework.context.annotation.ConfigurationClassParser.doProcessConfigurationClass(ConfigurationClassParser.java:292) ~[spring-context-4.3.8.RELEASE.jar:4.3.8.RELEASE]
	at org.springframework.context.annotation.ConfigurationClassParser.processConfigurationClass(ConfigurationClassParser.java:245) ~[spring-context-4.3.8.RELEASE.jar:4.3.8.RELEASE]
	at org.springframework.context.annotation.ConfigurationClassParser.parse(ConfigurationClassParser.java:198) ~[spring-context-4.3.8.RELEASE.jar:4.3.8.RELEASE]
	at org.springframework.context.annotation.ConfigurationClassParser.parse(ConfigurationClassParser.java:167) ~[spring-context-4.3.8.RELEASE.jar:4.3.8.RELEASE]
	... 16 more
2017-07-19 15:07:35.125 [main] INFO  Application - Starting Application on ThinkPad-PC with PID 10072 (D:\workspace\clone\gank\spring\custom-schema-demo\out\production\custom-schema-demo started by Administrator in D:\workspace\clone\gank\spring\custom-schema-demo)
2017-07-19 15:07:35.131 [main] INFO  Application - No active profile set, falling back to default profiles: default
2017-07-19 15:07:37.844 [main] INFO  Application - Started Application in 3.09 seconds (JVM running for 4.099)
2017-07-19 15:30:34.174 [main] INFO  Application - Starting Application on ThinkPad-PC with PID 7628 (D:\workspace\clone\gank\spring\custom-schema-demo\out\production\custom-schema-demo started by Administrator in D:\workspace\clone\gank\spring\custom-schema-demo)
2017-07-19 15:30:34.180 [main] INFO  Application - No active profile set, falling back to default profiles: default
2017-07-19 15:30:36.811 [main] INFO  Application - Started Application in 3.046 seconds (JVM running for 3.963)
2017-07-19 15:31:24.992 [main] INFO  Application - Starting Application on ThinkPad-PC with PID 11144 (D:\workspace\clone\gank\spring\custom-schema-demo\out\production\custom-schema-demo started by Administrator in D:\workspace\clone\gank\spring\custom-schema-demo)
2017-07-19 15:31:24.996 [main] INFO  Application - No active profile set, falling back to default profiles: default
2017-07-19 15:31:27.520 [main] INFO  Application - Started Application in 2.925 seconds (JVM running for 3.855)
2017-07-19 15:31:27.611 [main] WARN  ClassPathXmlApplicationContext - Exception encountered during context initialization - cancelling refresh attempt: org.springframework.beans.factory.BeanCreationException: Error creating bean with name 'people1': Error setting property values; nested exception is org.springframework.beans.NotWritablePropertyException: Invalid property 'id' of bean class [com.sxshunrj.test.People]: Bean property 'id' is not writable or has an invalid setter method. Does the parameter type of the setter match the return type of the getter?
2017-07-19 15:31:48.303 [main] INFO  Application - Starting Application on ThinkPad-PC with PID 6292 (D:\workspace\clone\gank\spring\custom-schema-demo\out\production\custom-schema-demo started by Administrator in D:\workspace\clone\gank\spring\custom-schema-demo)
2017-07-19 15:31:48.308 [main] INFO  Application - No active profile set, falling back to default profiles: default
2017-07-19 15:31:51.089 [main] INFO  Application - Started Application in 3.19 seconds (JVM running for 4.135)
