2017-10-16 17:12:42.417 [main] INFO  Application - Starting Application on ThinkPad-PC with PID 10172 (D:\workspace\clone\gank\spring\kafka-consumer-simple\out\production\kafka-consumer-simple started by Administrator in D:\workspace\clone\gank\spring\kafka-consumer-simple)
2017-10-16 17:12:42.476 [main] INFO  Application - No active profile set, falling back to default profiles: default
2017-10-16 17:12:54.901 [main] INFO  Application - Started Application in 13.51 seconds (JVM running for 16.412)
2017-10-16 17:12:59.744 [http-nio-28089-exec-4] INFO  BusinessClientService - 当前列表为：{"dd":{"yida":["http://127.0.0.1:28086/bigdata-api/test/receiveMsg"]}}
2017-10-16 17:12:59.977 [http-nio-28089-exec-4] WARN  VerifiableProperties - Property serializer.class is not valid
2017-10-16 17:13:00.478 [http-nio-28089-exec-4] ERROR [dispatcherServlet] - Servlet.service() for servlet [dispatcherServlet] in context with path [/kafka-consumer-simple] threw exception [Request processing failed; nested exception is org.I0Itec.zkclient.exception.ZkTimeoutException: Unable to connect to zookeeper server within timeout: 100] with root cause
org.I0Itec.zkclient.exception.ZkTimeoutException: Unable to connect to zookeeper server within timeout: 100
	at org.I0Itec.zkclient.ZkClient.connect(ZkClient.java:1232) ~[zkclient-0.9.jar:?]
	at org.I0Itec.zkclient.ZkClient.<init>(ZkClient.java:156) ~[zkclient-0.9.jar:?]
	at org.I0Itec.zkclient.ZkClient.<init>(ZkClient.java:130) ~[zkclient-0.9.jar:?]
	at kafka.utils.ZkUtils$.createZkClientAndConnection(ZkUtils.scala:89) ~[kafka_2.11-0.9.0.1.jar:?]
	at kafka.utils.ZkUtils$.apply(ZkUtils.scala:71) ~[kafka_2.11-0.9.0.1.jar:?]
	at kafka.consumer.ZookeeperConsumerConnector.connectZk(ZookeeperConsumerConnector.scala:181) ~[kafka_2.11-0.9.0.1.jar:?]
	at kafka.consumer.ZookeeperConsumerConnector.<init>(ZookeeperConsumerConnector.scala:129) ~[kafka_2.11-0.9.0.1.jar:?]
	at kafka.javaapi.consumer.ZookeeperConsumerConnector.<init>(ZookeeperConsumerConnector.scala:66) ~[kafka_2.11-0.9.0.1.jar:?]
	at kafka.javaapi.consumer.ZookeeperConsumerConnector.<init>(ZookeeperConsumerConnector.scala:69) ~[kafka_2.11-0.9.0.1.jar:?]
	at kafka.consumer.Consumer$.createJavaConsumerConnector(ConsumerConnector.scala:120) ~[kafka_2.11-0.9.0.1.jar:?]
	at kafka.consumer.Consumer.createJavaConsumerConnector(ConsumerConnector.scala) ~[kafka_2.11-0.9.0.1.jar:?]
	at com.sxshunrj.kafka.consumer.receive.MessageReceive.<init>(MessageReceive.java:28) ~[kafka-consumer-simple/:?]
	at sun.reflect.NativeConstructorAccessorImpl.newInstance0(Native Method) ~[?:1.8.0_91]
	at sun.reflect.NativeConstructorAccessorImpl.newInstance(NativeConstructorAccessorImpl.java:62) ~[?:1.8.0_91]
	at sun.reflect.DelegatingConstructorAccessorImpl.newInstance(DelegatingConstructorAccessorImpl.java:45) ~[?:1.8.0_91]
	at java.lang.reflect.Constructor.newInstance(Constructor.java:423) ~[?:1.8.0_91]
	at org.codehaus.groovy.reflection.CachedConstructor.invoke(CachedConstructor.java:83) ~[groovy-all-2.4.6.jar:2.4.6]
	at org.codehaus.groovy.runtime.callsite.ConstructorSite$ConstructorSiteNoUnwrapNoCoerce.callConstructor(ConstructorSite.java:105) ~[groovy-all-2.4.6.jar:2.4.6]
	at org.codehaus.groovy.runtime.callsite.CallSiteArray.defaultCallConstructor(CallSiteArray.java:60) ~[groovy-all-2.4.6.jar:2.4.6]
	at org.codehaus.groovy.runtime.callsite.AbstractCallSite.callConstructor(AbstractCallSite.java:235) ~[groovy-all-2.4.6.jar:2.4.6]
	at org.codehaus.groovy.runtime.callsite.AbstractCallSite.callConstructor(AbstractCallSite.java:255) ~[groovy-all-2.4.6.jar:2.4.6]
	at com.sxshunrj.kafka.consumer.service.BusinessClientService.addClient(BusinessClientService.groovy:45) ~[kafka-consumer-simple/:?]
	at com.sxshunrj.kafka.consumer.service.BusinessClientService$addClient.call(Unknown Source) ~[?:?]
	at org.codehaus.groovy.runtime.callsite.CallSiteArray.defaultCall(CallSiteArray.java:48) ~[groovy-all-2.4.6.jar:2.4.6]
	at org.codehaus.groovy.runtime.callsite.AbstractCallSite.call(AbstractCallSite.java:113) ~[groovy-all-2.4.6.jar:2.4.6]
	at org.codehaus.groovy.runtime.callsite.AbstractCallSite.call(AbstractCallSite.java:141) ~[groovy-all-2.4.6.jar:2.4.6]
	at com.sxshunrj.kafka.consumer.controller.KafkaConsumerController.registerClient(KafkaConsumerController.groovy:29) ~[kafka-consumer-simple/:?]
	at sun.reflect.NativeMethodAccessorImpl.invoke0(Native Method) ~[?:1.8.0_91]
	at sun.reflect.NativeMethodAccessorImpl.invoke(NativeMethodAccessorImpl.java:62) ~[?:1.8.0_91]
	at sun.reflect.DelegatingMethodAccessorImpl.invoke(DelegatingMethodAccessorImpl.java:43) ~[?:1.8.0_91]
	at java.lang.reflect.Method.invoke(Method.java:498) ~[?:1.8.0_91]
	at org.springframework.web.method.support.InvocableHandlerMethod.doInvoke(InvocableHandlerMethod.java:205) ~[spring-web-4.3.9.RELEASE.jar:4.3.9.RELEASE]
	at org.springframework.web.method.support.InvocableHandlerMethod.invokeForRequest(InvocableHandlerMethod.java:133) ~[spring-web-4.3.9.RELEASE.jar:4.3.9.RELEASE]
	at org.springframework.web.servlet.mvc.method.annotation.ServletInvocableHandlerMethod.invokeAndHandle(ServletInvocableHandlerMethod.java:97) ~[spring-webmvc-4.3.9.RELEASE.jar:4.3.9.RELEASE]
	at org.springframework.web.servlet.mvc.method.annotation.RequestMappingHandlerAdapter.invokeHandlerMethod(RequestMappingHandlerAdapter.java:827) ~[spring-webmvc-4.3.9.RELEASE.jar:4.3.9.RELEASE]
	at org.springframework.web.servlet.mvc.method.annotation.RequestMappingHandlerAdapter.handleInternal(RequestMappingHandlerAdapter.java:738) ~[spring-webmvc-4.3.9.RELEASE.jar:4.3.9.RELEASE]
	at org.springframework.web.servlet.mvc.method.AbstractHandlerMethodAdapter.handle(AbstractHandlerMethodAdapter.java:85) ~[spring-webmvc-4.3.9.RELEASE.jar:4.3.9.RELEASE]
	at org.springframework.web.servlet.DispatcherServlet.doDispatch(DispatcherServlet.java:967) ~[spring-webmvc-4.3.9.RELEASE.jar:4.3.9.RELEASE]
	at org.springframework.web.servlet.DispatcherServlet.doService(DispatcherServlet.java:901) ~[spring-webmvc-4.3.9.RELEASE.jar:4.3.9.RELEASE]
	at org.springframework.web.servlet.FrameworkServlet.processRequest(FrameworkServlet.java:970) ~[spring-webmvc-4.3.9.RELEASE.jar:4.3.9.RELEASE]
	at org.springframework.web.servlet.FrameworkServlet.doPost(FrameworkServlet.java:872) ~[spring-webmvc-4.3.9.RELEASE.jar:4.3.9.RELEASE]
	at javax.servlet.http.HttpServlet.service(HttpServlet.java:661) ~[tomcat-embed-core-8.5.15.jar:8.5.15]
	at org.springframework.web.servlet.FrameworkServlet.service(FrameworkServlet.java:846) ~[spring-webmvc-4.3.9.RELEASE.jar:4.3.9.RELEASE]
	at javax.servlet.http.HttpServlet.service(HttpServlet.java:742) ~[tomcat-embed-core-8.5.15.jar:8.5.15]
	at org.apache.catalina.core.ApplicationFilterChain.internalDoFilter(ApplicationFilterChain.java:231) ~[tomcat-embed-core-8.5.15.jar:8.5.15]
	at org.apache.catalina.core.ApplicationFilterChain.doFilter(ApplicationFilterChain.java:166) ~[tomcat-embed-core-8.5.15.jar:8.5.15]
	at org.apache.tomcat.websocket.server.WsFilter.doFilter(WsFilter.java:52) ~[tomcat-embed-websocket-8.5.15.jar:8.5.15]
	at org.apache.catalina.core.ApplicationFilterChain.internalDoFilter(ApplicationFilterChain.java:193) ~[tomcat-embed-core-8.5.15.jar:8.5.15]
	at org.apache.catalina.core.ApplicationFilterChain.doFilter(ApplicationFilterChain.java:166) ~[tomcat-embed-core-8.5.15.jar:8.5.15]
	at org.springframework.web.filter.RequestContextFilter.doFilterInternal(RequestContextFilter.java:99) ~[spring-web-4.3.9.RELEASE.jar:4.3.9.RELEASE]
	at org.springframework.web.filter.OncePerRequestFilter.doFilter(OncePerRequestFilter.java:107) ~[spring-web-4.3.9.RELEASE.jar:4.3.9.RELEASE]
	at org.apache.catalina.core.ApplicationFilterChain.internalDoFilter(ApplicationFilterChain.java:193) ~[tomcat-embed-core-8.5.15.jar:8.5.15]
	at org.apache.catalina.core.ApplicationFilterChain.doFilter(ApplicationFilterChain.java:166) ~[tomcat-embed-core-8.5.15.jar:8.5.15]
	at org.springframework.web.filter.HttpPutFormContentFilter.doFilterInternal(HttpPutFormContentFilter.java:105) ~[spring-web-4.3.9.RELEASE.jar:4.3.9.RELEASE]
	at org.springframework.web.filter.OncePerRequestFilter.doFilter(OncePerRequestFilter.java:107) ~[spring-web-4.3.9.RELEASE.jar:4.3.9.RELEASE]
	at org.apache.catalina.core.ApplicationFilterChain.internalDoFilter(ApplicationFilterChain.java:193) ~[tomcat-embed-core-8.5.15.jar:8.5.15]
	at org.apache.catalina.core.ApplicationFilterChain.doFilter(ApplicationFilterChain.java:166) ~[tomcat-embed-core-8.5.15.jar:8.5.15]
	at org.springframework.web.filter.HiddenHttpMethodFilter.doFilterInternal(HiddenHttpMethodFilter.java:81) ~[spring-web-4.3.9.RELEASE.jar:4.3.9.RELEASE]
	at org.springframework.web.filter.OncePerRequestFilter.doFilter(OncePerRequestFilter.java:107) ~[spring-web-4.3.9.RELEASE.jar:4.3.9.RELEASE]
	at org.apache.catalina.core.ApplicationFilterChain.internalDoFilter(ApplicationFilterChain.java:193) ~[tomcat-embed-core-8.5.15.jar:8.5.15]
	at org.apache.catalina.core.ApplicationFilterChain.doFilter(ApplicationFilterChain.java:166) ~[tomcat-embed-core-8.5.15.jar:8.5.15]
	at org.springframework.web.filter.CharacterEncodingFilter.doFilterInternal(CharacterEncodingFilter.java:197) ~[spring-web-4.3.9.RELEASE.jar:4.3.9.RELEASE]
	at org.springframework.web.filter.OncePerRequestFilter.doFilter(OncePerRequestFilter.java:107) ~[spring-web-4.3.9.RELEASE.jar:4.3.9.RELEASE]
	at org.apache.catalina.core.ApplicationFilterChain.internalDoFilter(ApplicationFilterChain.java:193) ~[tomcat-embed-core-8.5.15.jar:8.5.15]
	at org.apache.catalina.core.ApplicationFilterChain.doFilter(ApplicationFilterChain.java:166) ~[tomcat-embed-core-8.5.15.jar:8.5.15]
	at org.apache.catalina.core.StandardWrapperValve.invoke(StandardWrapperValve.java:198) [tomcat-embed-core-8.5.15.jar:8.5.15]
	at org.apache.catalina.core.StandardContextValve.invoke(StandardContextValve.java:96) [tomcat-embed-core-8.5.15.jar:8.5.15]
	at org.apache.catalina.authenticator.AuthenticatorBase.invoke(AuthenticatorBase.java:478) [tomcat-embed-core-8.5.15.jar:8.5.15]
	at org.apache.catalina.core.StandardHostValve.invoke(StandardHostValve.java:140) [tomcat-embed-core-8.5.15.jar:8.5.15]
	at org.apache.catalina.valves.ErrorReportValve.invoke(ErrorReportValve.java:80) [tomcat-embed-core-8.5.15.jar:8.5.15]
	at org.apache.catalina.core.StandardEngineValve.invoke(StandardEngineValve.java:87) [tomcat-embed-core-8.5.15.jar:8.5.15]
	at org.apache.catalina.connector.CoyoteAdapter.service(CoyoteAdapter.java:342) [tomcat-embed-core-8.5.15.jar:8.5.15]
	at org.apache.coyote.http11.Http11Processor.service(Http11Processor.java:799) [tomcat-embed-core-8.5.15.jar:8.5.15]
	at org.apache.coyote.AbstractProcessorLight.process(AbstractProcessorLight.java:66) [tomcat-embed-core-8.5.15.jar:8.5.15]
	at org.apache.coyote.AbstractProtocol$ConnectionHandler.process(AbstractProtocol.java:861) [tomcat-embed-core-8.5.15.jar:8.5.15]
	at org.apache.tomcat.util.net.NioEndpoint$SocketProcessor.doRun(NioEndpoint.java:1455) [tomcat-embed-core-8.5.15.jar:8.5.15]
	at org.apache.tomcat.util.net.SocketProcessorBase.run(SocketProcessorBase.java:49) [tomcat-embed-core-8.5.15.jar:8.5.15]
	at java.util.concurrent.ThreadPoolExecutor.runWorker(ThreadPoolExecutor.java:1142) [?:1.8.0_91]
	at java.util.concurrent.ThreadPoolExecutor$Worker.run(ThreadPoolExecutor.java:617) [?:1.8.0_91]
	at org.apache.tomcat.util.threads.TaskThread$WrappingRunnable.run(TaskThread.java:61) [tomcat-embed-core-8.5.15.jar:8.5.15]
	at java.lang.Thread.run(Thread.java:745) [?:1.8.0_91]
2017-10-16 17:13:53.812 [http-nio-28089-exec-8] INFO  BusinessClientService - 当前列表为：{"dd":{"yida":["http://127.0.0.1:28086/bigdata-api/test/receiveMsg"]}}
2017-10-16 17:13:53.814 [http-nio-28089-exec-8] WARN  VerifiableProperties - Property serializer.class is not valid
2017-10-16 17:14:35.481 [Thread-7] INFO  CallbackBusinessService - 第1个client，回调地址为:[http://127.0.0.1:28086/bigdata-api/test/receiveMsg]，回调内容为：[{"content":"14","topic":"yida"}]，返回:[<!DOCTYPE html><html><head><title>Apache Tomcat/8.5.4 - Error report</title><style type="text/css">H1 {font-family:Tahoma,Arial,sans-serif;color:white;background-color:#525D76;font-size:22px;} H2 {font-family:Tahoma,Arial,sans-serif;color:white;background-color:#525D76;font-size:16px;} H3 {font-family:Tahoma,Arial,sans-serif;color:white;background-color:#525D76;font-size:14px;} BODY {font-family:Tahoma,Arial,sans-serif;color:black;background-color:white;} B {font-family:Tahoma,Arial,sans-serif;color:white;background-color:#525D76;} P {font-family:Tahoma,Arial,sans-serif;background:white;color:black;font-size:12px;}A {color : black;}A.name {color : black;}.line {height: 1px; background-color: #525D76; border: none;}</style> </head><body><h1>HTTP Status 404 - </h1><div class="line"></div><p><b>type</b> Status report</p><p><b>message</b> <u></u></p><p><b>description</b> <u>The requested resource is not available.</u></p><hr class="line"><h3>Apache Tomcat/8.5.4</h3></body></html>]
2017-10-16 17:34:55.864 [main] INFO  Application - Starting Application on ThinkPad-PC with PID 2072 (D:\workspace\clone\gank\spring\kafka-consumer-simple\out\production\kafka-consumer-simple started by Administrator in D:\workspace\clone\gank\spring\kafka-consumer-simple)
2017-10-16 17:34:55.870 [main] INFO  Application - No active profile set, falling back to default profiles: default
2017-10-16 17:35:05.940 [main] INFO  Application - Started Application in 10.463 seconds (JVM running for 13.874)
2017-10-16 17:37:27.525 [http-nio-28089-exec-1] INFO  BusinessClientService - 当前列表为：{"dd":{"yida":["http://127.0.0.1:28086/bigdata-api/kafka/receive"]}}
2017-10-16 17:37:27.721 [http-nio-28089-exec-1] WARN  VerifiableProperties - Property serializer.class is not valid
2017-07-16 17:40:19.754 [http-nio-28089-exec-1-SendThread(192.168.10.14:2181)] WARN  ClientCnxn - Client session timed out, have not heard from server in 641135731ms for sessionid 0x35ec31e811049e7
2017-07-16 17:41:02.759 [Thread-4] INFO  CallbackBusinessService - 第1个client，回调地址为:[http://127.0.0.1:28086/bigdata-api/kafka/receive]，回调内容为：[{"content":"15","topic":"yida"}]，返回:[<!DOCTYPE html><html><head><title>Apache Tomcat/8.5.4 - Error report</title><style type="text/css">H1 {font-family:Tahoma,Arial,sans-serif;color:white;background-color:#525D76;font-size:22px;} H2 {font-family:Tahoma,Arial,sans-serif;color:white;background-color:#525D76;font-size:16px;} H3 {font-family:Tahoma,Arial,sans-serif;color:white;background-color:#525D76;font-size:14px;} BODY {font-family:Tahoma,Arial,sans-serif;color:black;background-color:white;} B {font-family:Tahoma,Arial,sans-serif;color:white;background-color:#525D76;} P {font-family:Tahoma,Arial,sans-serif;background:white;color:black;font-size:12px;}A {color : black;}A.name {color : black;}.line {height: 1px; background-color: #525D76; border: none;}</style> </head><body><h1>HTTP Status 500 - Request processing failed; nested exception is java.lang.ClassCastException: com.alibaba.fastjson.JSONObject cannot be cast to java.lang.String</h1><div class="line"></div><p><b>type</b> Exception report</p><p><b>message</b> <u>Request processing failed; nested exception is java.lang.ClassCastException: com.alibaba.fastjson.JSONObject cannot be cast to java.lang.String</u></p><p><b>description</b> <u>The server encountered an internal error that prevented it from fulfilling this request.</u></p><p><b>exception</b></p><pre>org.springframework.web.util.NestedServletException: Request processing failed; nested exception is java.lang.ClassCastException: com.alibaba.fastjson.JSONObject cannot be cast to java.lang.String
	org.springframework.web.servlet.FrameworkServlet.processRequest(FrameworkServlet.java:982)
	org.springframework.web.servlet.FrameworkServlet.doPost(FrameworkServlet.java:872)
	javax.servlet.http.HttpServlet.service(HttpServlet.java:648)
	org.springframework.web.servlet.FrameworkServlet.service(FrameworkServlet.java:846)
	javax.servlet.http.HttpServlet.service(HttpServlet.java:729)
	org.apache.tomcat.websocket.server.WsFilter.doFilter(WsFilter.java:52)
	com.tuniondata.bigdata.api.extend.filter.CorsFilter.doFilter(CorsFilter.java:23)
	org.springframework.web.filter.RequestContextFilter.doFilterInternal(RequestContextFilter.java:99)
	org.springframework.web.filter.OncePerRequestFilter.doFilter(OncePerRequestFilter.java:107)
	org.springframework.web.filter.HttpPutFormContentFilter.doFilterInternal(HttpPutFormContentFilter.java:87)
	org.springframework.web.filter.OncePerRequestFilter.doFilter(OncePerRequestFilter.java:107)
	org.springframework.web.filter.HiddenHttpMethodFilter.doFilterInternal(HiddenHttpMethodFilter.java:77)
	org.springframework.web.filter.OncePerRequestFilter.doFilter(OncePerRequestFilter.java:107)
	org.springframework.web.filter.CharacterEncodingFilter.doFilterInternal(CharacterEncodingFilter.java:197)
	org.springframework.web.filter.OncePerRequestFilter.doFilter(OncePerRequestFilter.java:107)
</pre><p><b>root cause</b></p><pre>java.lang.ClassCastException: com.alibaba.fastjson.JSONObject cannot be cast to java.lang.String
	com.tuniondata.bigdata.api.controller.ReceiveKafkaMsgController$$EnhancerBySpringCGLIB$$534bcf8f.receive(&lt;generated&gt;)
	sun.reflect.NativeMethodAccessorImpl.invoke0(Native Method)
	sun.reflect.NativeMethodAccessorImpl.invoke(NativeMethodAccessorImpl.java:62)
	sun.reflect.DelegatingMethodAccessorImpl.invoke(DelegatingMethodAccessorImpl.java:43)
	java.lang.reflect.Method.invoke(Method.java:498)
	org.springframework.web.method.support.InvocableHandlerMethod.doInvoke(InvocableHandlerMethod.java:221)
	org.springframework.web.method.support.InvocableHandlerMethod.invokeForRequest(InvocableHandlerMethod.java:136)
	org.springframework.web.servlet.mvc.method.annotation.ServletInvocableHandlerMethod.invokeAndHandle(ServletInvocableHandlerMethod.java:114)
	org.springframework.web.servlet.mvc.method.annotation.RequestMappingHandlerAdapter.invokeHandlerMethod(RequestMappingHandlerAdapter.java:827)
	org.springframework.web.servlet.mvc.method.annotation.RequestMappingHandlerAdapter.handleInternal(RequestMappingHandlerAdapter.java:738)
	org.springframework.web.servlet.mvc.method.AbstractHandlerMethodAdapter.handle(AbstractHandlerMethodAdapter.java:85)
	org.springframework.web.servlet.DispatcherServlet.doDispatch(DispatcherServlet.java:963)
	org.springframework.web.servlet.DispatcherServlet.doService(DispatcherServlet.java:897)
	org.springframework.web.servlet.FrameworkServlet.processRequest(FrameworkServlet.java:970)
	org.springframework.web.servlet.FrameworkServlet.doPost(FrameworkServlet.java:872)
	javax.servlet.http.HttpServlet.service(HttpServlet.java:648)
	org.springframework.web.servlet.FrameworkServlet.service(FrameworkServlet.java:846)
	javax.servlet.http.HttpServlet.service(HttpServlet.java:729)
	org.apache.tomcat.websocket.server.WsFilter.doFilter(WsFilter.java:52)
	com.tuniondata.bigdata.api.extend.filter.CorsFilter.doFilter(CorsFilter.java:23)
	org.springframework.web.filter.RequestContextFilter.doFilterInternal(RequestContextFilter.java:99)
	org.springframework.web.filter.OncePerRequestFilter.doFilter(OncePerRequestFilter.java:107)
	org.springframework.web.filter.HttpPutFormContentFilter.doFilterInternal(HttpPutFormContentFilter.java:87)
	org.springframework.web.filter.OncePerRequestFilter.doFilter(OncePerRequestFilter.java:107)
	org.springframework.web.filter.HiddenHttpMethodFilter.doFilterInternal(HiddenHttpMethodFilter.java:77)
	org.springframework.web.filter.OncePerRequestFilter.doFilter(OncePerRequestFilter.java:107)
	org.springframework.web.filter.CharacterEncodingFilter.doFilterInternal(CharacterEncodingFilter.java:197)
	org.springframework.web.filter.OncePerRequestFilter.doFilter(OncePerRequestFilter.java:107)
</pre><p><b>note</b> <u>The full stack trace of the root cause is available in the Apache Tomcat/8.5.4 logs.</u></p><hr class="line"><h3>Apache Tomcat/8.5.4</h3></body></html>]
